2022-05-13 14:01:13,805 INFO  StartupInfoLogger:55 - [] Starting CarWashWasherApplication using Java 18.0.1 on DESKTOP-G4S6TPA with PID 10568 (C:\Users\Kajal\Desktop\On-Demand-Car-Wash-System-main\On-Demand-Car-Wash-System-main\CarWashWasher\target\classes started by Kajal in C:\Users\Kajal\Desktop\On-Demand-Car-Wash-System-main\On-Demand-Car-Wash-System-main\CarWashWasher)
2022-05-13 14:01:13,831 INFO  SpringApplication:640 - [] No active profile set, falling back to 1 default profile: "default"
2022-05-13 14:01:15,313 INFO  RepositoryConfigurationDelegate:132 - [] Bootstrapping Spring Data MongoDB repositories in DEFAULT mode.
2022-05-13 14:01:16,309 INFO  RepositoryConfigurationDelegate:201 - [] Finished Spring Data repository scanning in 177 ms. Found 1 MongoDB repository interfaces.
2022-05-13 14:01:16,650 INFO  GenericScope:283 - [] BeanFactory id=ef9c2355-1173-3450-9e23-346049d5ba32
2022-05-13 14:01:17,140 INFO  TomcatWebServer:108 - [] Tomcat initialized with port(s): 9004 (http)
2022-05-13 14:01:17,150 INFO  DirectJDKLog:173 - [] Starting service [Tomcat]
2022-05-13 14:01:17,151 INFO  DirectJDKLog:173 - [] Starting Servlet engine: [Apache Tomcat/9.0.60]
2022-05-13 14:01:17,358 INFO  DirectJDKLog:173 - [] Initializing Spring embedded WebApplicationContext
2022-05-13 14:01:17,359 INFO  ServletWebServerApplicationContext:290 - [] Root WebApplicationContext: initialization completed in 3420 ms
2022-05-13 14:01:17,714 INFO  SLF4JLogger:71 - [] Cluster created with settings {hosts=[127.0.0.1:27017], srvHost=cluster0.vzrez.mongodb.net, mode=MULTIPLE, requiredClusterType=REPLICA_SET, serverSelectionTimeout='30000 ms', requiredReplicaSetName='atlas-g5ntof-shard-0'}
2022-05-13 14:01:17,793 INFO  SLF4JLogger:71 - [] Adding discovered server cluster0-shard-00-01.vzrez.mongodb.net:27017 to client view of cluster
2022-05-13 14:01:17,880 INFO  SLF4JLogger:71 - [] Adding discovered server cluster0-shard-00-00.vzrez.mongodb.net:27017 to client view of cluster
2022-05-13 14:01:17,883 INFO  SLF4JLogger:71 - [] Adding discovered server cluster0-shard-00-02.vzrez.mongodb.net:27017 to client view of cluster
2022-05-13 14:01:17,953 WARN  CustomConversions:261 - [] Registering converter from class java.time.LocalDateTime to class org.joda.time.LocalDateTime as reading converter although it doesn't convert from a store-supported type! You might want to check your annotation setup at the converter implementation.
2022-05-13 14:01:18,402 WARN  CustomConversions:261 - [] Registering converter from class java.time.LocalDateTime to class org.joda.time.LocalDateTime as reading converter although it doesn't convert from a store-supported type! You might want to check your annotation setup at the converter implementation.
2022-05-13 14:01:19,100 INFO  SLF4JLogger:71 - [] Opened connection [connectionId{localValue:5, serverValue:101794}] to cluster0-shard-00-00.vzrez.mongodb.net:27017
2022-05-13 14:01:19,101 INFO  SLF4JLogger:71 - [] Opened connection [connectionId{localValue:2, serverValue:101794}] to cluster0-shard-00-00.vzrez.mongodb.net:27017
2022-05-13 14:01:19,102 INFO  SLF4JLogger:71 - [] Opened connection [connectionId{localValue:4, serverValue:101028}] to cluster0-shard-00-02.vzrez.mongodb.net:27017
2022-05-13 14:01:19,101 INFO  SLF4JLogger:71 - [] Opened connection [connectionId{localValue:6, serverValue:101028}] to cluster0-shard-00-02.vzrez.mongodb.net:27017
2022-05-13 14:01:19,100 INFO  SLF4JLogger:71 - [] Opened connection [connectionId{localValue:3, serverValue:105209}] to cluster0-shard-00-01.vzrez.mongodb.net:27017
2022-05-13 14:01:19,103 INFO  SLF4JLogger:71 - [] Monitor thread successfully connected to server with description ServerDescription{address=cluster0-shard-00-02.vzrez.mongodb.net:27017, type=REPLICA_SET_SECONDARY, state=CONNECTED, ok=true, minWireVersion=0, maxWireVersion=13, maxDocumentSize=16777216, logicalSessionTimeoutMinutes=30, roundTripTimeNanos=682059500, setName='atlas-g5ntof-shard-0', canonicalAddress=cluster0-shard-00-02.vzrez.mongodb.net:27017, hosts=[cluster0-shard-00-02.vzrez.mongodb.net:27017, cluster0-shard-00-01.vzrez.mongodb.net:27017, cluster0-shard-00-00.vzrez.mongodb.net:27017], passives=[], arbiters=[], primary='cluster0-shard-00-01.vzrez.mongodb.net:27017', tagSet=TagSet{[Tag{name='nodeType', value='ELECTABLE'}, Tag{name='provider', value='AWS'}, Tag{name='region', value='AP_SOUTH_1'}, Tag{name='workloadType', value='OPERATIONAL'}]}, electionId=null, setVersion=7, topologyVersion=TopologyVersion{processId=627a7826ac55dc6833d73d16, counter=3}, lastWriteDate=Fri May 13 14:01:18 IST 2022, lastUpdateTimeNanos=941573231607900}
2022-05-13 14:01:19,103 INFO  SLF4JLogger:71 - [] Monitor thread successfully connected to server with description ServerDescription{address=cluster0-shard-00-00.vzrez.mongodb.net:27017, type=REPLICA_SET_SECONDARY, state=CONNECTED, ok=true, minWireVersion=0, maxWireVersion=13, maxDocumentSize=16777216, logicalSessionTimeoutMinutes=30, roundTripTimeNanos=681738000, setName='atlas-g5ntof-shard-0', canonicalAddress=cluster0-shard-00-00.vzrez.mongodb.net:27017, hosts=[cluster0-shard-00-02.vzrez.mongodb.net:27017, cluster0-shard-00-01.vzrez.mongodb.net:27017, cluster0-shard-00-00.vzrez.mongodb.net:27017], passives=[], arbiters=[], primary='cluster0-shard-00-01.vzrez.mongodb.net:27017', tagSet=TagSet{[Tag{name='nodeType', value='ELECTABLE'}, Tag{name='provider', value='AWS'}, Tag{name='region', value='AP_SOUTH_1'}, Tag{name='workloadType', value='OPERATIONAL'}]}, electionId=null, setVersion=7, topologyVersion=TopologyVersion{processId=627a7577a3cc254bed99a5ff, counter=4}, lastWriteDate=Fri May 13 14:01:18 IST 2022, lastUpdateTimeNanos=941573231296800}
2022-05-13 14:01:19,101 INFO  SLF4JLogger:71 - [] Opened connection [connectionId{localValue:1, serverValue:105209}] to cluster0-shard-00-01.vzrez.mongodb.net:27017
2022-05-13 14:01:19,104 INFO  SLF4JLogger:71 - [] Monitor thread successfully connected to server with description ServerDescription{address=cluster0-shard-00-01.vzrez.mongodb.net:27017, type=REPLICA_SET_PRIMARY, state=CONNECTED, ok=true, minWireVersion=0, maxWireVersion=13, maxDocumentSize=16777216, logicalSessionTimeoutMinutes=30, roundTripTimeNanos=675563000, setName='atlas-g5ntof-shard-0', canonicalAddress=cluster0-shard-00-01.vzrez.mongodb.net:27017, hosts=[cluster0-shard-00-02.vzrez.mongodb.net:27017, cluster0-shard-00-01.vzrez.mongodb.net:27017, cluster0-shard-00-00.vzrez.mongodb.net:27017], passives=[], arbiters=[], primary='cluster0-shard-00-01.vzrez.mongodb.net:27017', tagSet=TagSet{[Tag{name='nodeType', value='ELECTABLE'}, Tag{name='provider', value='AWS'}, Tag{name='region', value='AP_SOUTH_1'}, Tag{name='workloadType', value='OPERATIONAL'}]}, electionId=7fffffff000000000000009f, setVersion=7, topologyVersion=TopologyVersion{processId=627a76d9387fc0761e07be4d, counter=6}, lastWriteDate=Fri May 13 14:01:18 IST 2022, lastUpdateTimeNanos=941573231733900}
2022-05-13 14:01:19,115 INFO  SLF4JLogger:71 - [] Setting max election id to 7fffffff000000000000009f from replica set primary cluster0-shard-00-01.vzrez.mongodb.net:27017
2022-05-13 14:01:19,117 INFO  SLF4JLogger:71 - [] Setting max set version to 7 from replica set primary cluster0-shard-00-01.vzrez.mongodb.net:27017
2022-05-13 14:01:19,118 INFO  SLF4JLogger:71 - [] Discovered replica set primary cluster0-shard-00-01.vzrez.mongodb.net:27017
2022-05-13 14:01:21,302 INFO  InetUtils:170 - [] Cannot determine local hostname
2022-05-13 14:01:21,360 INFO  DiscoveryClientOptionalArgsConfiguration:68 - [] Eureka HTTP Client uses RestTemplate.
2022-05-13 14:01:22,654 INFO  InetUtils:170 - [] Cannot determine local hostname
2022-05-13 14:01:22,723 WARN  LoadBalancerCacheAutoConfiguration$LoadBalancerCaffeineWarnLogger:82 - [] Spring Cloud LoadBalancer is currently working with the default cache. While this cache implementation is useful for development and tests, it's recommended to use Caffeine cache in production.You can switch to using Caffeine cache, by adding it and org.springframework.cache.caffeine.CaffeineCacheManager to the classpath.
2022-05-13 14:01:22,758 INFO  InstanceInfoFactory:67 - [] Setting initial instance status as: STARTING
2022-05-13 14:01:22,841 INFO  DiscoveryClient:372 - [] Initializing Eureka in region us-east-1
2022-05-13 14:01:22,848 INFO  ConfigClusterResolver:43 - [] Resolving eureka endpoints via configuration
2022-05-13 14:01:22,873 INFO  DiscoveryClient:1007 - [] Disable delta property : false
2022-05-13 14:01:22,874 INFO  DiscoveryClient:1008 - [] Single vip registry refresh property : null
2022-05-13 14:01:22,874 INFO  DiscoveryClient:1009 - [] Force full registry fetch : false
2022-05-13 14:01:22,875 INFO  DiscoveryClient:1010 - [] Application is null : false
2022-05-13 14:01:22,875 INFO  DiscoveryClient:1011 - [] Registered Applications size is zero : true
2022-05-13 14:01:22,875 INFO  DiscoveryClient:1013 - [] Application version is -1: true
2022-05-13 14:01:22,875 INFO  DiscoveryClient:1097 - [] Getting all instance registry info from the eureka server
2022-05-13 14:01:23,145 INFO  DiscoveryClient:1106 - [] The response status is 200
2022-05-13 14:01:23,148 INFO  DiscoveryClient:1321 - [] Starting heartbeat executor: renew interval is: 30
2022-05-13 14:01:23,150 INFO  InstanceInfoReplicator:60 - [] InstanceInfoReplicator onDemand update allowed rate per min is 4
2022-05-13 14:01:23,156 INFO  DiscoveryClient:492 - [] Discovery Client initialized at timestamp 1652430683155 with initial instances count: 3
2022-05-13 14:01:23,158 INFO  EurekaServiceRegistry:41 - [] Registering application WASHER-MICROSERVICE with eureka with status UP
2022-05-13 14:01:23,159 INFO  DiscoveryClient$3:1352 - [] Saw local status change event StatusChangeEvent [timestamp=1652430683159, current=UP, previous=STARTING]
2022-05-13 14:01:23,161 INFO  DiscoveryClient:873 - [] DiscoveryClient_WASHER-MICROSERVICE/localhost:washer-microservice:9004: registering service...
2022-05-13 14:01:23,186 INFO  TomcatWebServer:220 - [] Tomcat started on port(s): 9004 (http) with context path ''
2022-05-13 14:01:23,188 INFO  EurekaAutoServiceRegistration:144 - [] Updating port to 9004
2022-05-13 14:01:23,207 INFO  DiscoveryClient:882 - [] DiscoveryClient_WASHER-MICROSERVICE/localhost:washer-microservice:9004 - registration status: 204
2022-05-13 14:01:24,314 INFO  InetUtils:170 - [] Cannot determine local hostname
2022-05-13 14:01:24,528 INFO  StartupInfoLogger:61 - [] Started CarWashWasherApplication in 13.058 seconds (JVM running for 13.865)
2022-05-13 14:06:22,878 INFO  ConfigClusterResolver:43 - [] Resolving eureka endpoints via configuration
2022-05-13 14:07:18,435 INFO  DirectJDKLog:173 - [] Initializing Spring DispatcherServlet 'dispatcherServlet'
2022-05-13 14:07:18,436 INFO  FrameworkServlet:525 - [] Initializing Servlet 'dispatcherServlet'
2022-05-13 14:07:18,438 INFO  FrameworkServlet:547 - [] Completed initialization in 2 ms
2022-05-13 14:07:18,889 INFO  SLF4JLogger:71 - [] Opened connection [connectionId{localValue:7, serverValue:105407}] to cluster0-shard-00-01.vzrez.mongodb.net:27017
2022-05-13 14:11:22,893 INFO  ConfigClusterResolver:43 - [] Resolving eureka endpoints via configuration
2022-05-13 14:15:56,850 INFO  SLF4JLogger:71 - [] Opened connection [connectionId{localValue:8, serverValue:102222}] to cluster0-shard-00-00.vzrez.mongodb.net:27017
2022-05-13 14:15:57,113 INFO  SLF4JLogger:71 - [] Opened connection [connectionId{localValue:9, serverValue:101450}] to cluster0-shard-00-02.vzrez.mongodb.net:27017
2022-05-13 14:15:57,271 INFO  SLF4JLogger:71 - [] Opened connection [connectionId{localValue:10, serverValue:105689}] to cluster0-shard-00-01.vzrez.mongodb.net:27017
2022-05-13 14:15:59,755 INFO  SLF4JLogger:76 - [] Exception in monitor thread while connecting to server cluster0-shard-00-00.vzrez.mongodb.net:27017
com.mongodb.MongoSocketReadTimeoutException: Timeout while receiving message
	at com.mongodb.internal.connection.InternalStreamConnection.translateReadException(InternalStreamConnection.java:701)
	at com.mongodb.internal.connection.InternalStreamConnection.receiveMessageWithAdditionalTimeout(InternalStreamConnection.java:579)
	at com.mongodb.internal.connection.InternalStreamConnection.receiveCommandMessageResponse(InternalStreamConnection.java:415)
	at com.mongodb.internal.connection.InternalStreamConnection.receive(InternalStreamConnection.java:374)
	at com.mongodb.internal.connection.DefaultServerMonitor$ServerMonitorRunnable.lookupServerDescription(DefaultServerMonitor.java:216)
	at com.mongodb.internal.connection.DefaultServerMonitor$ServerMonitorRunnable.run(DefaultServerMonitor.java:152)
	at java.base/java.lang.Thread.run(Thread.java:833)
Caused by: java.net.SocketTimeoutException: Read timed out
	at java.base/sun.nio.ch.NioSocketImpl.timedRead(NioSocketImpl.java:280)
	at java.base/sun.nio.ch.NioSocketImpl.implRead(NioSocketImpl.java:306)
	at java.base/sun.nio.ch.NioSocketImpl.read(NioSocketImpl.java:347)
	at java.base/sun.nio.ch.NioSocketImpl$1.read(NioSocketImpl.java:800)
	at java.base/java.net.Socket$SocketInputStream.read(Socket.java:966)
	at java.base/sun.security.ssl.SSLSocketInputRecord.read(SSLSocketInputRecord.java:478)
	at java.base/sun.security.ssl.SSLSocketInputRecord.readHeader(SSLSocketInputRecord.java:472)
	at java.base/sun.security.ssl.SSLSocketInputRecord.bytesInCompletePacket(SSLSocketInputRecord.java:70)
	at java.base/sun.security.ssl.SSLSocketImpl.readApplicationRecord(SSLSocketImpl.java:1455)
	at java.base/sun.security.ssl.SSLSocketImpl$AppInputStream.read(SSLSocketImpl.java:1059)
	at com.mongodb.internal.connection.SocketStream.read(SocketStream.java:109)
	at com.mongodb.internal.connection.SocketStream.read(SocketStream.java:131)
	at com.mongodb.internal.connection.InternalStreamConnection.receiveResponseBuffers(InternalStreamConnection.java:718)
	at com.mongodb.internal.connection.InternalStreamConnection.receiveMessageWithAdditionalTimeout(InternalStreamConnection.java:576)
	... 5 common frames omitted
2022-05-13 14:15:59,806 INFO  SLF4JLogger:76 - [] Exception in monitor thread while connecting to server cluster0-shard-00-02.vzrez.mongodb.net:27017
com.mongodb.MongoSocketReadTimeoutException: Timeout while receiving message
	at com.mongodb.internal.connection.InternalStreamConnection.translateReadException(InternalStreamConnection.java:701)
	at com.mongodb.internal.connection.InternalStreamConnection.receiveMessageWithAdditionalTimeout(InternalStreamConnection.java:579)
	at com.mongodb.internal.connection.InternalStreamConnection.receiveCommandMessageResponse(InternalStreamConnection.java:415)
	at com.mongodb.internal.connection.InternalStreamConnection.receive(InternalStreamConnection.java:374)
	at com.mongodb.internal.connection.DefaultServerMonitor$ServerMonitorRunnable.lookupServerDescription(DefaultServerMonitor.java:216)
	at com.mongodb.internal.connection.DefaultServerMonitor$ServerMonitorRunnable.run(DefaultServerMonitor.java:152)
	at java.base/java.lang.Thread.run(Thread.java:833)
Caused by: java.net.SocketTimeoutException: Read timed out
	at java.base/sun.nio.ch.NioSocketImpl.timedRead(NioSocketImpl.java:280)
	at java.base/sun.nio.ch.NioSocketImpl.implRead(NioSocketImpl.java:306)
	at java.base/sun.nio.ch.NioSocketImpl.read(NioSocketImpl.java:347)
	at java.base/sun.nio.ch.NioSocketImpl$1.read(NioSocketImpl.java:800)
	at java.base/java.net.Socket$SocketInputStream.read(Socket.java:966)
	at java.base/sun.security.ssl.SSLSocketInputRecord.read(SSLSocketInputRecord.java:478)
	at java.base/sun.security.ssl.SSLSocketInputRecord.readHeader(SSLSocketInputRecord.java:472)
	at java.base/sun.security.ssl.SSLSocketInputRecord.bytesInCompletePacket(SSLSocketInputRecord.java:70)
	at java.base/sun.security.ssl.SSLSocketImpl.readApplicationRecord(SSLSocketImpl.java:1455)
	at java.base/sun.security.ssl.SSLSocketImpl$AppInputStream.read(SSLSocketImpl.java:1059)
	at com.mongodb.internal.connection.SocketStream.read(SocketStream.java:109)
	at com.mongodb.internal.connection.SocketStream.read(SocketStream.java:131)
	at com.mongodb.internal.connection.InternalStreamConnection.receiveResponseBuffers(InternalStreamConnection.java:718)
	at com.mongodb.internal.connection.InternalStreamConnection.receiveMessageWithAdditionalTimeout(InternalStreamConnection.java:576)
	... 5 common frames omitted
2022-05-13 14:15:59,848 INFO  SLF4JLogger:76 - [] Exception in monitor thread while connecting to server cluster0-shard-00-01.vzrez.mongodb.net:27017
com.mongodb.MongoSocketReadTimeoutException: Timeout while receiving message
	at com.mongodb.internal.connection.InternalStreamConnection.translateReadException(InternalStreamConnection.java:701)
	at com.mongodb.internal.connection.InternalStreamConnection.receiveMessageWithAdditionalTimeout(InternalStreamConnection.java:579)
	at com.mongodb.internal.connection.InternalStreamConnection.receiveCommandMessageResponse(InternalStreamConnection.java:415)
	at com.mongodb.internal.connection.InternalStreamConnection.receive(InternalStreamConnection.java:374)
	at com.mongodb.internal.connection.DefaultServerMonitor$ServerMonitorRunnable.lookupServerDescription(DefaultServerMonitor.java:216)
	at com.mongodb.internal.connection.DefaultServerMonitor$ServerMonitorRunnable.run(DefaultServerMonitor.java:152)
	at java.base/java.lang.Thread.run(Thread.java:833)
Caused by: java.net.SocketTimeoutException: Read timed out
	at java.base/sun.nio.ch.NioSocketImpl.timedRead(NioSocketImpl.java:280)
	at java.base/sun.nio.ch.NioSocketImpl.implRead(NioSocketImpl.java:306)
	at java.base/sun.nio.ch.NioSocketImpl.read(NioSocketImpl.java:347)
	at java.base/sun.nio.ch.NioSocketImpl$1.read(NioSocketImpl.java:800)
	at java.base/java.net.Socket$SocketInputStream.read(Socket.java:966)
	at java.base/sun.security.ssl.SSLSocketInputRecord.read(SSLSocketInputRecord.java:478)
	at java.base/sun.security.ssl.SSLSocketInputRecord.readHeader(SSLSocketInputRecord.java:472)
	at java.base/sun.security.ssl.SSLSocketInputRecord.bytesInCompletePacket(SSLSocketInputRecord.java:70)
	at java.base/sun.security.ssl.SSLSocketImpl.readApplicationRecord(SSLSocketImpl.java:1455)
	at java.base/sun.security.ssl.SSLSocketImpl$AppInputStream.read(SSLSocketImpl.java:1059)
	at com.mongodb.internal.connection.SocketStream.read(SocketStream.java:109)
	at com.mongodb.internal.connection.SocketStream.read(SocketStream.java:131)
	at com.mongodb.internal.connection.InternalStreamConnection.receiveResponseBuffers(InternalStreamConnection.java:718)
	at com.mongodb.internal.connection.InternalStreamConnection.receiveMessageWithAdditionalTimeout(InternalStreamConnection.java:576)
	... 5 common frames omitted
2022-05-13 14:15:59,907 INFO  SLF4JLogger:71 - [] Opened connection [connectionId{localValue:11, serverValue:102224}] to cluster0-shard-00-00.vzrez.mongodb.net:27017
2022-05-13 14:15:59,908 INFO  SLF4JLogger:71 - [] Monitor thread successfully connected to server with description ServerDescription{address=cluster0-shard-00-00.vzrez.mongodb.net:27017, type=REPLICA_SET_SECONDARY, state=CONNECTED, ok=true, minWireVersion=0, maxWireVersion=13, maxDocumentSize=16777216, logicalSessionTimeoutMinutes=30, roundTripTimeNanos=104013500, setName='atlas-g5ntof-shard-0', canonicalAddress=cluster0-shard-00-00.vzrez.mongodb.net:27017, hosts=[cluster0-shard-00-02.vzrez.mongodb.net:27017, cluster0-shard-00-01.vzrez.mongodb.net:27017, cluster0-shard-00-00.vzrez.mongodb.net:27017], passives=[], arbiters=[], primary='cluster0-shard-00-01.vzrez.mongodb.net:27017', tagSet=TagSet{[Tag{name='nodeType', value='ELECTABLE'}, Tag{name='provider', value='AWS'}, Tag{name='region', value='AP_SOUTH_1'}, Tag{name='workloadType', value='OPERATIONAL'}]}, electionId=null, setVersion=7, topologyVersion=TopologyVersion{processId=627a7577a3cc254bed99a5ff, counter=4}, lastWriteDate=Fri May 13 14:15:59 IST 2022, lastUpdateTimeNanos=942454041635700}
2022-05-13 14:15:59,959 INFO  SLF4JLogger:71 - [] Opened connection [connectionId{localValue:12, serverValue:101453}] to cluster0-shard-00-02.vzrez.mongodb.net:27017
2022-05-13 14:15:59,959 INFO  SLF4JLogger:71 - [] Monitor thread successfully connected to server with description ServerDescription{address=cluster0-shard-00-02.vzrez.mongodb.net:27017, type=REPLICA_SET_SECONDARY, state=CONNECTED, ok=true, minWireVersion=0, maxWireVersion=13, maxDocumentSize=16777216, logicalSessionTimeoutMinutes=30, roundTripTimeNanos=104469000, setName='atlas-g5ntof-shard-0', canonicalAddress=cluster0-shard-00-02.vzrez.mongodb.net:27017, hosts=[cluster0-shard-00-02.vzrez.mongodb.net:27017, cluster0-shard-00-01.vzrez.mongodb.net:27017, cluster0-shard-00-00.vzrez.mongodb.net:27017], passives=[], arbiters=[], primary='cluster0-shard-00-01.vzrez.mongodb.net:27017', tagSet=TagSet{[Tag{name='nodeType', value='ELECTABLE'}, Tag{name='provider', value='AWS'}, Tag{name='region', value='AP_SOUTH_1'}, Tag{name='workloadType', value='OPERATIONAL'}]}, electionId=null, setVersion=7, topologyVersion=TopologyVersion{processId=627a7826ac55dc6833d73d16, counter=3}, lastWriteDate=Fri May 13 14:15:59 IST 2022, lastUpdateTimeNanos=942454092928100}
2022-05-13 14:16:00,002 INFO  SLF4JLogger:71 - [] Opened connection [connectionId{localValue:13, serverValue:105662}] to cluster0-shard-00-01.vzrez.mongodb.net:27017
2022-05-13 14:16:00,003 INFO  SLF4JLogger:71 - [] Monitor thread successfully connected to server with description ServerDescription{address=cluster0-shard-00-01.vzrez.mongodb.net:27017, type=REPLICA_SET_PRIMARY, state=CONNECTED, ok=true, minWireVersion=0, maxWireVersion=13, maxDocumentSize=16777216, logicalSessionTimeoutMinutes=30, roundTripTimeNanos=98755900, setName='atlas-g5ntof-shard-0', canonicalAddress=cluster0-shard-00-01.vzrez.mongodb.net:27017, hosts=[cluster0-shard-00-02.vzrez.mongodb.net:27017, cluster0-shard-00-01.vzrez.mongodb.net:27017, cluster0-shard-00-00.vzrez.mongodb.net:27017], passives=[], arbiters=[], primary='cluster0-shard-00-01.vzrez.mongodb.net:27017', tagSet=TagSet{[Tag{name='nodeType', value='ELECTABLE'}, Tag{name='provider', value='AWS'}, Tag{name='region', value='AP_SOUTH_1'}, Tag{name='workloadType', value='OPERATIONAL'}]}, electionId=7fffffff000000000000009f, setVersion=7, topologyVersion=TopologyVersion{processId=627a76d9387fc0761e07be4d, counter=6}, lastWriteDate=Fri May 13 14:15:59 IST 2022, lastUpdateTimeNanos=942454135736100}
2022-05-13 14:16:00,003 INFO  SLF4JLogger:71 - [] Discovered replica set primary cluster0-shard-00-01.vzrez.mongodb.net:27017
2022-05-13 14:16:22,900 INFO  ConfigClusterResolver:43 - [] Resolving eureka endpoints via configuration
2022-05-13 14:21:22,909 INFO  ConfigClusterResolver:43 - [] Resolving eureka endpoints via configuration
2022-05-13 14:26:22,912 INFO  ConfigClusterResolver:43 - [] Resolving eureka endpoints via configuration
2022-05-13 14:31:22,925 INFO  ConfigClusterResolver:43 - [] Resolving eureka endpoints via configuration
2022-05-13 14:36:22,929 INFO  ConfigClusterResolver:43 - [] Resolving eureka endpoints via configuration
2022-05-13 14:41:22,943 INFO  ConfigClusterResolver:43 - [] Resolving eureka endpoints via configuration
2022-05-13 14:46:22,949 INFO  ConfigClusterResolver:43 - [] Resolving eureka endpoints via configuration
2022-05-13 14:51:22,953 INFO  ConfigClusterResolver:43 - [] Resolving eureka endpoints via configuration
2022-05-13 14:56:22,965 INFO  ConfigClusterResolver:43 - [] Resolving eureka endpoints via configuration
2022-05-13 15:01:22,974 INFO  ConfigClusterResolver:43 - [] Resolving eureka endpoints via configuration
2022-05-13 15:06:22,979 INFO  ConfigClusterResolver:43 - [] Resolving eureka endpoints via configuration
2022-05-13 15:11:22,987 INFO  ConfigClusterResolver:43 - [] Resolving eureka endpoints via configuration
